#
# There is insufficient memory for the Java Runtime Environment to continue.
# Native memory allocation (malloc) failed to allocate 259856 bytes for Chunk::new
# Possible reasons:
#   The system is out of physical RAM or swap space
#   In 32 bit mode, the process size limit was hit
# Possible solutions:
#   Reduce memory load on the system
#   Increase physical memory or swap space
#   Check if swap backing store is full
#   Use 64 bit Java on a 64 bit OS
#   Decrease Java heap size (-Xmx/-Xms)
#   Decrease number of Java threads
#   Decrease Java thread stack sizes (-Xss)
#   Set larger code cache with -XX:ReservedCodeCacheSize=
# This output file may be truncated or incomplete.
#
#  Out of Memory Error (allocation.cpp:390), pid=8664, tid=0x000000000000193c
#
# JRE version: Java(TM) SE Runtime Environment (8.0_191-b12) (build 1.8.0_191-b12)
# Java VM: Java HotSpot(TM) 64-Bit Server VM (25.191-b12 mixed mode windows-amd64 compressed oops)
# Failed to write core dump. Minidumps are not enabled by default on client versions of Windows
#

---------------  T H R E A D  ---------------

Current thread (0x0000000019475800):  JavaThread "C2 CompilerThread2" daemon [_thread_in_native, id=6460, stack(0x0000000019de0000,0x0000000019ee0000)]

Stack: [0x0000000019de0000,0x0000000019ee0000]
[error occurred during error reporting (printing stack bounds), id 0xc0000005]

Native frames: (J=compiled Java code, j=interpreted, Vv=VM code, C=native code)


Current CompileTask:
C2:  11291 1473       4       javax.swing.JComponent::repaint (19 bytes)


---------------  P R O C E S S  ---------------

Java Threads: ( => current thread )
  0x000000001a709000 JavaThread "TimerQueue" daemon [_thread_blocked, id=14076, stack(0x00000000258c0000,0x00000000259c0000)]
  0x000000001a40a000 JavaThread "D3D Screen Updater" daemon [_thread_blocked, id=12248, stack(0x0000000024e40000,0x0000000024f40000)]
  0x000000000235e000 JavaThread "DestroyJavaVM" [_thread_blocked, id=12008, stack(0x0000000002250000,0x0000000002350000)]
  0x000000001a45d800 JavaThread "AWT-EventQueue-0" [_thread_in_Java, id=2452, stack(0x0000000024650000,0x0000000024750000)]
  0x00000000197cb800 JavaThread "AWT-Windows" daemon [_thread_in_native, id=12152, stack(0x000000001ad20000,0x000000001ae20000)]
  0x00000000197cb000 JavaThread "AWT-Shutdown" [_thread_blocked, id=15972, stack(0x000000001ac20000,0x000000001ad20000)]
  0x00000000197c7000 JavaThread "Java2D Disposer" daemon [_thread_blocked, id=9580, stack(0x000000001ab20000,0x000000001ac20000)]
  0x00000000194ae800 JavaThread "Service Thread" daemon [_thread_blocked, id=16596, stack(0x0000000019fe0000,0x000000001a0e0000)]
  0x000000001947d800 JavaThread "C1 CompilerThread3" daemon [_thread_blocked, id=13660, stack(0x0000000019ee0000,0x0000000019fe0000)]
=>0x0000000019475800 JavaThread "C2 CompilerThread2" daemon [_thread_in_native, id=6460, stack(0x0000000019de0000,0x0000000019ee0000)]
  0x000000001946c000 JavaThread "C2 CompilerThread1" daemon [_thread_in_native, id=13988, stack(0x0000000019ce0000,0x0000000019de0000)]
  0x0000000019418800 JavaThread "C2 CompilerThread0" daemon [_thread_in_native, id=25140, stack(0x0000000019be0000,0x0000000019ce0000)]
  0x0000000019416800 JavaThread "Attach Listener" daemon [_thread_blocked, id=8872, stack(0x0000000019ae0000,0x0000000019be0000)]
  0x000000001751e800 JavaThread "Signal Dispatcher" daemon [_thread_blocked, id=24400, stack(0x00000000199e0000,0x0000000019ae0000)]
  0x00000000024fe800 JavaThread "Finalizer" daemon [_thread_blocked, id=24792, stack(0x00000000197f0000,0x00000000198f0000)]
  0x00000000024f7000 JavaThread "Reference Handler" daemon [_thread_blocked, id=10212, stack(0x00000000192f0000,0x00000000193f0000)]

Other Threads:
  0x0000000017509000 VMThread [stack: 0x00000000191f0000,0x00000000192f0000] [id=15584]
  0x00000000194b0800 WatcherThread [stack: 0x000000001a0e0000,0x000000001a1e0000] [id=14832]

VM state:not at safepoint (normal execution)

VM Mutex/Monitor currently owned by a thread: None

Heap:
 PSYoungGen      total 63488K, used 28091K [0x00000000d5900000, 0x00000000dbe80000, 0x0000000100000000)
  eden space 62464K, 43% used [0x00000000d5900000,0x00000000d73cac18,0x00000000d9600000)
  from space 1024K, 64% used [0x00000000dbd80000,0x00000000dbe243b0,0x00000000dbe80000)
  to   space 2048K, 0% used [0x00000000dba80000,0x00000000dba80000,0x00000000dbc80000)
 ParOldGen       total 87552K, used 2617K [0x0000000080a00000, 0x0000000085f80000, 0x00000000d5900000)
  object space 87552K, 2% used [0x0000000080a00000,0x0000000080c8e560,0x0000000085f80000)
 Metaspace       used 12751K, capacity 12992K, committed 13056K, reserved 1060864K
  class space    used 1638K, capacity 1738K, committed 1792K, reserved 1048576K

Card table byte_map: [0x00000000118c0000,0x0000000011cc0000] byte_map_base: 0x00000000114bb000

Marking Bits: (ParMarkBitMap*) 0x0000000060ef3e30
 Begin Bits: [0x0000000012770000, 0x0000000014748000)
 End Bits:   [0x0000000014748000, 0x0000000016720000)

Polling page: 0x0000000000620000

CodeCache: size=245760Kb used=5203Kb max_used=5218Kb free=240556Kb
 bounds [0x0000000002500000, 0x0000000002a20000, 0x0000000011500000]
 total_blobs=1965 nmethods=1458 adapters=419
 compilation: enabled

Compilation events (10 events):
Event: 11.208 Thread 0x000000001947d800 nmethod 1468 0x0000000002a12d50 code [0x0000000002a12f40, 0x0000000002a13c30]
Event: 11.208 Thread 0x000000001947d800 1469   !   3       sun.java2d.SunGraphics2D::hitClip (269 bytes)
Event: 11.209 Thread 0x000000001947d800 nmethod 1469 0x0000000002a14050 code [0x0000000002a14320, 0x0000000002a15008]
Event: 11.227 Thread 0x0000000019475800 1470       4       sun.java2d.pipe.BufferedContext::validate (575 bytes)
Event: 11.250 Thread 0x0000000019475800 nmethod 1470 0x0000000002a19810 code [0x0000000002a19a60, 0x0000000002a1afd8]
Event: 11.252 Thread 0x0000000019475800 1471       4       java.util.IdentityHashMap::get (60 bytes)
Event: 11.254 Thread 0x0000000019475800 nmethod 1471 0x0000000002a02210 code [0x0000000002a02360, 0x0000000002a02528]
Event: 11.272 Thread 0x0000000019475800 1472       4       javax.swing.SwingUtilities::computeUnion (149 bytes)
Event: 11.273 Thread 0x0000000019475800 nmethod 1472 0x0000000002a0d0d0 code [0x0000000002a0d200, 0x0000000002a0d2d8]
Event: 11.276 Thread 0x0000000019475800 1473       4       javax.swing.JComponent::repaint (19 bytes)

GC Heap History (10 events):
Event: 9.946 GC heap before
{Heap before GC invocations=32 (full 0):
 PSYoungGen      total 75264K, used 72899K [0x00000000d5900000, 0x00000000dc380000, 0x0000000100000000)
  eden space 72704K, 99% used [0x00000000d5900000,0x00000000d9ff0c78,0x00000000da000000)
  from space 2560K, 10% used [0x00000000dbe80000,0x00000000dbec0000,0x00000000dc100000)
  to   space 2560K, 0% used [0x00000000dc100000,0x00000000dc100000,0x00000000dc380000)
 ParOldGen       total 87552K, used 2481K [0x0000000080a00000, 0x0000000085f80000, 0x00000000d5900000)
  object space 87552K, 2% used [0x0000000080a00000,0x0000000080c6c560,0x0000000085f80000)
 Metaspace       used 12602K, capacity 12864K, committed 13056K, reserved 1060864K
  class space    used 1637K, capacity 1738K, committed 1792K, reserved 1048576K
Event: 9.947 GC heap after
Heap after GC invocations=32 (full 0):
 PSYoungGen      total 71168K, used 256K [0x00000000d5900000, 0x00000000dc180000, 0x0000000100000000)
  eden space 70656K, 0% used [0x00000000d5900000,0x00000000d5900000,0x00000000d9e00000)
  from space 512K, 50% used [0x00000000dc100000,0x00000000dc140000,0x00000000dc180000)
  to   space 2560K, 0% used [0x00000000dbc80000,0x00000000dbc80000,0x00000000dbf00000)
 ParOldGen       total 87552K, used 2513K [0x0000000080a00000, 0x0000000085f80000, 0x00000000d5900000)
  object space 87552K, 2% used [0x0000000080a00000,0x0000000080c74560,0x0000000085f80000)
 Metaspace       used 12602K, capacity 12864K, committed 13056K, reserved 1060864K
  class space    used 1637K, capacity 1738K, committed 1792K, reserved 1048576K
}
Event: 10.258 GC heap before
{Heap before GC invocations=33 (full 0):
 PSYoungGen      total 71168K, used 70912K [0x00000000d5900000, 0x00000000dc180000, 0x0000000100000000)
  eden space 70656K, 100% used [0x00000000d5900000,0x00000000d9e00000,0x00000000d9e00000)
  from space 512K, 50% used [0x00000000dc100000,0x00000000dc140000,0x00000000dc180000)
  to   space 2560K, 0% used [0x00000000dbc80000,0x00000000dbc80000,0x00000000dbf00000)
 ParOldGen       total 87552K, used 2513K [0x0000000080a00000, 0x0000000085f80000, 0x00000000d5900000)
  object space 87552K, 2% used [0x0000000080a00000,0x0000000080c74560,0x0000000085f80000)
 Metaspace       used 12648K, capacity 12928K, committed 13056K, reserved 1060864K
  class space    used 1637K, capacity 1738K, committed 1792K, reserved 1048576K
Event: 10.259 GC heap after
Heap after GC invocations=33 (full 0):
 PSYoungGen      total 71168K, used 160K [0x00000000d5900000, 0x00000000dc180000, 0x0000000100000000)
  eden space 68608K, 0% used [0x00000000d5900000,0x00000000d5900000,0x00000000d9c00000)
  from space 2560K, 6% used [0x00000000dbc80000,0x00000000dbca8000,0x00000000dbf00000)
  to   space 2560K, 0% used [0x00000000dbf00000,0x00000000dbf00000,0x00000000dc180000)
 ParOldGen       total 87552K, used 2545K [0x0000000080a00000, 0x0000000085f80000, 0x00000000d5900000)
  object space 87552K, 2% used [0x0000000080a00000,0x0000000080c7c560,0x0000000085f80000)
 Metaspace       used 12648K, capacity 12928K, committed 13056K, reserved 1060864K
  class space    used 1637K, capacity 1738K, committed 1792K, reserved 1048576K
}
Event: 10.546 GC heap before
{Heap before GC invocations=34 (full 0):
 PSYoungGen      total 71168K, used 68768K [0x00000000d5900000, 0x00000000dc180000, 0x0000000100000000)
  eden space 68608K, 100% used [0x00000000d5900000,0x00000000d9c00000,0x00000000d9c00000)
  from space 2560K, 6% used [0x00000000dbc80000,0x00000000dbca8000,0x00000000dbf00000)
  to   space 2560K, 0% used [0x00000000dbf00000,0x00000000dbf00000,0x00000000dc180000)
 ParOldGen       total 87552K, used 2545K [0x0000000080a00000, 0x0000000085f80000, 0x00000000d5900000)
  object space 87552K, 2% used [0x0000000080a00000,0x0000000080c7c560,0x0000000085f80000)
 Metaspace       used 12662K, capacity 12928K, committed 13056K, reserved 1060864K
  class space    used 1637K, capacity 1738K, committed 1792K, reserved 1048576K
Event: 10.550 GC heap after
Heap after GC invocations=34 (full 0):
 PSYoungGen      total 67072K, used 192K [0x00000000d5900000, 0x00000000dbf80000, 0x0000000100000000)
  eden space 66560K, 0% used [0x00000000d5900000,0x00000000d5900000,0x00000000d9a00000)
  from space 512K, 37% used [0x00000000dbf00000,0x00000000dbf30000,0x00000000dbf80000)
  to   space 2048K, 0% used [0x00000000dbb80000,0x00000000dbb80000,0x00000000dbd80000)
 ParOldGen       total 87552K, used 2569K [0x0000000080a00000, 0x0000000085f80000, 0x00000000d5900000)
  object space 87552K, 2% used [0x0000000080a00000,0x0000000080c82560,0x0000000085f80000)
 Metaspace       used 12662K, capacity 12928K, committed 13056K, reserved 1060864K
  class space    used 1637K, capacity 1738K, committed 1792K, reserved 1048576K
}
Event: 10.838 GC heap before
{Heap before GC invocations=35 (full 0):
 PSYoungGen      total 67072K, used 66752K [0x00000000d5900000, 0x00000000dbf80000, 0x0000000100000000)
  eden space 66560K, 100% used [0x00000000d5900000,0x00000000d9a00000,0x00000000d9a00000)
  from space 512K, 37% used [0x00000000dbf00000,0x00000000dbf30000,0x00000000dbf80000)
  to   space 2048K, 0% used [0x00000000dbb80000,0x00000000dbb80000,0x00000000dbd80000)
 ParOldGen       total 87552K, used 2569K [0x0000000080a00000, 0x0000000085f80000, 0x00000000d5900000)
  object space 87552K, 2% used [0x0000000080a00000,0x0000000080c82560,0x0000000085f80000)
 Metaspace       used 12697K, capacity 12928K, committed 13056K, reserved 1060864K
  class space    used 1637K, capacity 1738K, committed 1792K, reserved 1048576K
Event: 10.839 GC heap after
Heap after GC invocations=35 (full 0):
 PSYoungGen      total 66560K, used 160K [0x00000000d5900000, 0x00000000dbf80000, 0x0000000100000000)
  eden space 64512K, 0% used [0x00000000d5900000,0x00000000d5900000,0x00000000d9800000)
  from space 2048K, 7% used [0x00000000dbb80000,0x00000000dbba8000,0x00000000dbd80000)
  to   space 2048K, 0% used [0x00000000dbd80000,0x00000000dbd80000,0x00000000dbf80000)
 ParOldGen       total 87552K, used 2593K [0x0000000080a00000, 0x0000000085f80000, 0x00000000d5900000)
  object space 87552K, 2% used [0x0000000080a00000,0x0000000080c88560,0x0000000085f80000)
 Metaspace       used 12697K, capacity 12928K, committed 13056K, reserved 1060864K
  class space    used 1637K, capacity 1738K, committed 1792K, reserved 1048576K
}
Event: 11.149 GC heap before
{Heap before GC invocations=36 (full 0):
 PSYoungGen      total 66560K, used 64672K [0x00000000d5900000, 0x00000000dbf80000, 0x0000000100000000)
  eden space 64512K, 100% used [0x00000000d5900000,0x00000000d9800000,0x00000000d9800000)
  from space 2048K, 7% used [0x00000000dbb80000,0x00000000dbba8000,0x00000000dbd80000)
  to   space 2048K, 0% used [0x00000000dbd80000,0x00000000dbd80000,0x00000000dbf80000)
 ParOldGen       total 87552K, used 2593K [0x0000000080a00000, 0x0000000085f80000, 0x00000000d5900000)
  object space 87552K, 2% used [0x0000000080a00000,0x0000000080c88560,0x0000000085f80000)
 Metaspace       used 12699K, capacity 12928K, committed 13056K, reserved 1060864K
  class space    used 1637K, capacity 1738K, committed 1792K, reserved 1048576K
Event: 11.152 GC heap after
Heap after GC invocations=36 (full 0):
 PSYoungGen      total 63488K, used 656K [0x00000000d5900000, 0x00000000dbe80000, 0x0000000100000000)
  eden space 62464K, 0% used [0x00000000d5900000,0x00000000d5900000,0x00000000d9600000)
  from space 1024K, 64% used [0x00000000dbd80000,0x00000000dbe243b0,0x00000000dbe80000)
  to   space 2048K, 0% used [0x00000000dba80000,0x00000000dba80000,0x00000000dbc80000)
 ParOldGen       total 87552K, used 2617K [0x0000000080a00000, 0x0000000085f80000, 0x00000000d5900000)
  object space 87552K, 2% used [0x0000000080a00000,0x0000000080c8e560,0x0000000085f80000)
 Metaspace       used 12699K, capacity 12928K, committed 13056K, reserved 1060864K
  class space    used 1637K, capacity 1738K, committed 1792K, reserved 1048576K
}

Deoptimization events (10 events):
Event: 1.944 Thread 0x000000001a45d800 Uncommon trap: reason=class_check action=maybe_recompile pc=0x0000000002792eb8 method=java.util.HashMap.getNode(ILjava/lang/Object;)Ljava/util/HashMap$Node; @ 126
Event: 1.944 Thread 0x000000001a45d800 Uncommon trap: reason=class_check action=maybe_recompile pc=0x0000000002792eb8 method=java.util.HashMap.getNode(ILjava/lang/Object;)Ljava/util/HashMap$Node; @ 126
Event: 1.944 Thread 0x000000001a45d800 Uncommon trap: reason=class_check action=maybe_recompile pc=0x0000000002792eb8 method=java.util.HashMap.getNode(ILjava/lang/Object;)Ljava/util/HashMap$Node; @ 126
Event: 1.944 Thread 0x000000001a45d800 Uncommon trap: reason=class_check action=maybe_recompile pc=0x000000000278abc4 method=java.util.HashMap.getNode(ILjava/lang/Object;)Ljava/util/HashMap$Node; @ 126
Event: 11.165 Thread 0x000000001a45d800 Uncommon trap: reason=unstable_if action=reinterpret pc=0x00000000028b6de0 method=javax.swing.SwingUtilities.computeUnion(IIIILjava/awt/Rectangle;)Ljava/awt/Rectangle; @ 34
Event: 11.165 Thread 0x000000001a45d800 Uncommon trap: reason=unstable_if action=reinterpret pc=0x00000000028b200c method=javax.swing.SwingUtilities.computeUnion(IIIILjava/awt/Rectangle;)Ljava/awt/Rectangle; @ 34
Event: 11.165 Thread 0x000000001a45d800 Uncommon trap: reason=unstable_if action=reinterpret pc=0x00000000027beb78 method=javax.swing.SwingUtilities.computeUnion(IIIILjava/awt/Rectangle;)Ljava/awt/Rectangle; @ 90
Event: 11.165 Thread 0x000000001a45d800 Uncommon trap: reason=unstable_if action=reinterpret pc=0x00000000027b6f44 method=java.util.IdentityHashMap.nextKeyIndex(II)I @ 4
Event: 11.171 Thread 0x000000001a45d800 Uncommon trap: reason=unstable_if action=reinterpret pc=0x00000000029041b8 method=javax.swing.SwingUtilities.computeIntersection(IIIILjava/awt/Rectangle;)Ljava/awt/Rectangle; @ 34
Event: 11.172 Thread 0x000000001a45d800 Uncommon trap: reason=null_check action=make_not_entrant pc=0x00000000029beefc method=sun.java2d.pipe.BufferedContext.validate(Lsun/java2d/pipe/hw/AccelSurface;Lsun/java2d/pipe/hw/AccelSurface;Lsun/java2d/pipe/Region;Ljava/awt/Composite;Ljava/awt/geom/Aff

Classes redefined (0 events):
No events

Internal exceptions (10 events):
Event: 0.166 Thread 0x000000000235e000 Exception <a 'java/security/PrivilegedActionException'> (0x00000000d5a5e270) thrown at [C:\re\workspace\8-2-build-windows-amd64-cygwin\jdk8u191\11896\hotspot\src\share\vm\prims\jvm.cpp, line 1435]
Event: 0.166 Thread 0x000000000235e000 Exception <a 'java/security/PrivilegedActionException'> (0x00000000d5a5e668) thrown at [C:\re\workspace\8-2-build-windows-amd64-cygwin\jdk8u191\11896\hotspot\src\share\vm\prims\jvm.cpp, line 1435]
Event: 0.167 Thread 0x000000000235e000 Exception <a 'java/security/PrivilegedActionException'> (0x00000000d5a626a8) thrown at [C:\re\workspace\8-2-build-windows-amd64-cygwin\jdk8u191\11896\hotspot\src\share\vm\prims\jvm.cpp, line 1435]
Event: 0.167 Thread 0x000000000235e000 Exception <a 'java/security/PrivilegedActionException'> (0x00000000d5a62aa0) thrown at [C:\re\workspace\8-2-build-windows-amd64-cygwin\jdk8u191\11896\hotspot\src\share\vm\prims\jvm.cpp, line 1435]
Event: 0.225 Thread 0x000000000235e000 Exception <a 'java/io/FileNotFoundException'> (0x00000000d5d00468) thrown at [C:\re\workspace\8-2-build-windows-amd64-cygwin\jdk8u191\11896\hotspot\src\share\vm\prims\jni.cpp, line 709]
Event: 0.271 Thread 0x000000000235e000 Exception <a 'java/lang/NoSuchFieldError': method resolution failed> (0x00000000d5dd0d38) thrown at [C:\re\workspace\8-2-build-windows-amd64-cygwin\jdk8u191\11896\hotspot\src\share\vm\prims\methodHandles.cpp, line 1167]
Event: 0.275 Thread 0x000000000235e000 Exception <a 'java/lang/NoSuchFieldError': method resolution failed> (0x00000000d5dde108) thrown at [C:\re\workspace\8-2-build-windows-amd64-cygwin\jdk8u191\11896\hotspot\src\share\vm\prims\methodHandles.cpp, line 1167]
Event: 0.326 Thread 0x000000000235e000 Exception <a 'java/io/FileNotFoundException'> (0x00000000d5e766d8) thrown at [C:\re\workspace\8-2-build-windows-amd64-cygwin\jdk8u191\11896\hotspot\src\share\vm\prims\jni.cpp, line 709]
Event: 0.692 Thread 0x000000000235e000 Implicit null exception at 0x000000000269ad55 to 0x000000000269af0d
Event: 11.172 Thread 0x000000001a45d800 Implicit null exception at 0x00000000029bdee3 to 0x00000000029beec1

Events (10 events):
Event: 11.167 Executing VM operation: BulkRevokeBias
Event: 11.168 Executing VM operation: BulkRevokeBias done
Event: 11.170 Executing VM operation: BulkRevokeBias
Event: 11.170 Executing VM operation: BulkRevokeBias done
Event: 11.171 Thread 0x000000001a45d800 Uncommon trap: trap_request=0xffffff65 fr.pc=0x00000000029041b8
Event: 11.171 Thread 0x000000001a45d800 DEOPT PACKING pc=0x00000000029041b8 sp=0x000000002474dd10
Event: 11.171 Thread 0x000000001a45d800 DEOPT UNPACKING pc=0x000000000254583b sp=0x000000002474dc78 mode 2
Event: 11.172 Thread 0x000000001a45d800 Uncommon trap: trap_request=0xfffffff4 fr.pc=0x00000000029beefc
Event: 11.172 Thread 0x000000001a45d800 DEOPT PACKING pc=0x00000000029beefc sp=0x000000002474c6c0
Event: 11.172 Thread 0x000000001a45d800 DEOPT UNPACKING pc=0x000000000254583b sp=0x000000002474c640 mode 2


Dynamic libraries:
0x00007ff624fb0000 - 0x00007ff624fe7000 	C:\Program Files\Java\jre1.8.0_191\bin\javaw.exe
0x00007ffc46fa0000 - 0x00007ffc47181000 	C:\WINDOWS\SYSTEM32\ntdll.dll
0x00007ffc463b0000 - 0x00007ffc46462000 	C:\WINDOWS\System32\KERNEL32.DLL
0x00007ffc440d0000 - 0x00007ffc44343000 	C:\WINDOWS\System32\KERNELBASE.dll
0x00007ffc45cf0000 - 0x00007ffc45d91000 	C:\WINDOWS\System32\ADVAPI32.dll
0x00007ffc46480000 - 0x00007ffc4651e000 	C:\WINDOWS\System32\msvcrt.dll
0x00007ffc467b0000 - 0x00007ffc4680b000 	C:\WINDOWS\System32\sechost.dll
0x00007ffc45ea0000 - 0x00007ffc45fc4000 	C:\WINDOWS\System32\RPCRT4.dll
0x00007ffc45fd0000 - 0x00007ffc46160000 	C:\WINDOWS\System32\USER32.dll
0x00007ffc43410000 - 0x00007ffc43430000 	C:\WINDOWS\System32\win32u.dll
0x00007ffc46cf0000 - 0x00007ffc46d18000 	C:\WINDOWS\System32\GDI32.dll
0x00007ffc43480000 - 0x00007ffc43612000 	C:\WINDOWS\System32\gdi32full.dll
0x00007ffc43370000 - 0x00007ffc4340f000 	C:\WINDOWS\System32\msvcp_win.dll
0x00007ffc43fd0000 - 0x00007ffc440ca000 	C:\WINDOWS\System32\ucrtbase.dll
0x00007ffc388f0000 - 0x00007ffc38b59000 	C:\WINDOWS\WinSxS\amd64_microsoft.windows.common-controls_6595b64144ccf1df_6.0.17134.407_none_fb449d63306391e9\COMCTL32.dll
0x00007ffc44510000 - 0x00007ffc44832000 	C:\WINDOWS\System32\combase.dll
0x00007ffc443b0000 - 0x00007ffc4442a000 	C:\WINDOWS\System32\bcryptPrimitives.dll
0x00007ffc46de0000 - 0x00007ffc46e0d000 	C:\WINDOWS\System32\IMM32.DLL
0x0000000060080000 - 0x0000000060152000 	C:\Program Files\Java\jre1.8.0_191\bin\msvcr100.dll
0x00000000606d0000 - 0x0000000060f74000 	C:\Program Files\Java\jre1.8.0_191\bin\server\jvm.dll
0x00007ffc45c80000 - 0x00007ffc45c88000 	C:\WINDOWS\System32\PSAPI.DLL
0x00007ffc3fdc0000 - 0x00007ffc3fdc9000 	C:\WINDOWS\SYSTEM32\WSOCK32.dll
0x00007ffc46810000 - 0x00007ffc4687c000 	C:\WINDOWS\System32\WS2_32.dll
0x00007ffc41570000 - 0x00007ffc41593000 	C:\WINDOWS\SYSTEM32\WINMM.dll
0x00007ffc3dd90000 - 0x00007ffc3dd9a000 	C:\WINDOWS\SYSTEM32\VERSION.dll
0x00007ffc41420000 - 0x00007ffc4144a000 	C:\WINDOWS\SYSTEM32\WINMMBASE.dll
0x00007ffc43430000 - 0x00007ffc43479000 	C:\WINDOWS\System32\cfgmgr32.dll
0x00000000605e0000 - 0x00000000605ef000 	C:\Program Files\Java\jre1.8.0_191\bin\verify.dll
0x00000000605b0000 - 0x00000000605d9000 	C:\Program Files\Java\jre1.8.0_191\bin\java.dll
0x0000000060590000 - 0x00000000605a6000 	C:\Program Files\Java\jre1.8.0_191\bin\zip.dll
0x00007ffc44840000 - 0x00007ffc45c7f000 	C:\WINDOWS\System32\SHELL32.dll
0x00007ffc46d30000 - 0x00007ffc46dd9000 	C:\WINDOWS\System32\shcore.dll
0x00007ffc438c0000 - 0x00007ffc43fcd000 	C:\WINDOWS\System32\windows.storage.dll
0x00007ffc45e40000 - 0x00007ffc45e91000 	C:\WINDOWS\System32\shlwapi.dll
0x00007ffc43340000 - 0x00007ffc43351000 	C:\WINDOWS\System32\kernel.appcore.dll
0x00007ffc43320000 - 0x00007ffc4333f000 	C:\WINDOWS\System32\profapi.dll
0x00007ffc432d0000 - 0x00007ffc4331c000 	C:\WINDOWS\System32\powrprof.dll
0x00007ffc43360000 - 0x00007ffc4336a000 	C:\WINDOWS\System32\FLTLIB.DLL
0x000000005fee0000 - 0x0000000060079000 	C:\Program Files\Java\jre1.8.0_191\bin\awt.dll
0x00007ffc462e0000 - 0x00007ffc463a2000 	C:\WINDOWS\System32\OLEAUT32.dll
0x00007ffc41700000 - 0x00007ffc4178b000 	C:\WINDOWS\SYSTEM32\apphelp.dll
0x00007ffc41a40000 - 0x00007ffc41a69000 	C:\WINDOWS\system32\DWMAPI.DLL
0x00007ffc41970000 - 0x00007ffc41a08000 	C:\WINDOWS\system32\uxtheme.dll
0x00007ffc26ae0000 - 0x00007ffc26c00000 	C:\WINDOWS\system32\opengl32.dll
0x00007ffc1e8e0000 - 0x00007ffc1e90c000 	C:\WINDOWS\SYSTEM32\GLU32.dll
0x00007ffc46160000 - 0x00007ffc462d3000 	C:\WINDOWS\System32\MSCTF.dll
0x00007ffc46e10000 - 0x00007ffc46f61000 	C:\WINDOWS\System32\ole32.dll
0x00007ffc3b7d0000 - 0x00007ffc3b967000 	C:\WINDOWS\system32\d3d9.dll
0x00007ffc3bf20000 - 0x00007ffc3c00b000 	C:\WINDOWS\System32\DriverStore\FileRepository\nv_dispi.inf_amd64_38c9bee769f9ef1f\nvldumdx.dll
0x00007ffc436d0000 - 0x00007ffc438b2000 	C:\WINDOWS\System32\crypt32.dll
0x00007ffc432b0000 - 0x00007ffc432c2000 	C:\WINDOWS\System32\MSASN1.dll
0x00007ffc44350000 - 0x00007ffc443a7000 	C:\WINDOWS\System32\WINTRUST.DLL
0x00007ffc46880000 - 0x00007ffc4689d000 	C:\WINDOWS\System32\imagehlp.dll
0x00007ffc42c90000 - 0x00007ffc42ca7000 	C:\WINDOWS\SYSTEM32\CRYPTSP.dll
0x00007ffc426b0000 - 0x00007ffc426e3000 	C:\WINDOWS\system32\rsaenh.dll
0x00007ffc42db0000 - 0x00007ffc42dd5000 	C:\WINDOWS\SYSTEM32\bcrypt.dll
0x00007ffc42c80000 - 0x00007ffc42c8b000 	C:\WINDOWS\SYSTEM32\CRYPTBASE.dll
0x00007ffc082b0000 - 0x00007ffc094d7000 	C:\WINDOWS\System32\DriverStore\FileRepository\nv_dispi.inf_amd64_38c9bee769f9ef1f\nvd3dumx.dll
0x00007ffc1e2a0000 - 0x00007ffc1e528000 	C:\WINDOWS\system32\nvspcap64.dll
0x00007ffc423a0000 - 0x00007ffc423d1000 	C:\WINDOWS\SYSTEM32\ntmarta.dll
0x00007ffc41ff0000 - 0x00007ffc42012000 	C:\WINDOWS\SYSTEM32\gpapi.dll
0x00007ffc325f0000 - 0x00007ffc3261e000 	C:\WINDOWS\SYSTEM32\cryptnet.dll
0x000000005fe90000 - 0x000000005fed7000 	C:\Program Files\Java\jre1.8.0_191\bin\fontmanager.dll
0x0000000060570000 - 0x000000006058a000 	C:\Program Files\Java\jre1.8.0_191\bin\net.dll
0x00007ffc42ad0000 - 0x00007ffc42b36000 	C:\WINDOWS\system32\mswsock.dll
0x0000000060550000 - 0x0000000060561000 	C:\Program Files\Java\jre1.8.0_191\bin\nio.dll
0x000000005fe40000 - 0x000000005fe82000 	C:\Program Files\Java\jre1.8.0_191\bin\t2k.dll
0x000000005fe00000 - 0x000000005fe31000 	C:\Program Files\Java\jre1.8.0_191\bin\jpeg.dll
0x00007ffc45da0000 - 0x00007ffc45e40000 	C:\WINDOWS\System32\clbcatq.dll
0x00007ffc3eb90000 - 0x00007ffc3ed3e000 	C:\WINDOWS\SYSTEM32\WindowsCodecs.dll
0x00007ffc345a0000 - 0x00007ffc345f8000 	C:\WINDOWS\system32\dataexchange.dll
0x00007ffc40550000 - 0x00007ffc4085b000 	C:\WINDOWS\system32\d3d11.dll
0x00007ffc40e40000 - 0x00007ffc40fdc000 	C:\WINDOWS\system32\dcomp.dll
0x00007ffc42070000 - 0x00007ffc4212b000 	C:\WINDOWS\system32\dxgi.dll
0x00007ffc41b50000 - 0x00007ffc41d08000 	C:\WINDOWS\system32\twinapi.appcore.dll
0x00007ffc41a70000 - 0x00007ffc41a91000 	C:\WINDOWS\system32\RMCLIENT.dll
0x00007ffc39dc0000 - 0x00007ffc39e56000 	C:\WINDOWS\System32\TextInputFramework.dll
0x00007ffc3e1c0000 - 0x00007ffc3e4de000 	C:\WINDOWS\System32\CoreUIComponents.dll
0x00007ffc41340000 - 0x00007ffc4141a000 	C:\WINDOWS\System32\CoreMessaging.dll
0x00007ffc3e550000 - 0x00007ffc3e69d000 	C:\WINDOWS\SYSTEM32\wintypes.dll

VM Arguments:
jvm_args: -Dfile.encoding=Cp1252 
java_command: GUI.OnlineStoreDriver
java_class_path (initial): C:\Users\mills\git\online-store-373\bin
Launcher Type: SUN_STANDARD

Environment Variables:
PATH=C:/Program Files/Java/jre1.8.0_191/bin/server;C:/Program Files/Java/jre1.8.0_191/bin;C:/Program Files/Java/jre1.8.0_191/lib/amd64;C:\Program Files (x86)\Common Files\Oracle\Java\javapath;C:\Program Files\Microsoft MPI\Bin\;C:\WINDOWS\system32;C:\WINDOWS;C:\WINDOWS\System32\Wbem;C:\WINDOWS\System32\WindowsPowerShell\v1.0\;C:\Program Files (x86)\NVIDIA Corporation\PhysX\Common;C:\WINDOWS\system32;C:\WINDOWS;C:\WINDOWS\System32\Wbem;C:\WINDOWS\System32\WindowsPowerShell\v1.0\;C:\WINDOWS\System32\OpenSSH\;C:\Program Files\dotnet\;C:\Program Files\Microsoft SQL Server\130\Tools\Binn\;C:\Program Files\nodejs\;C:\Program Files (x86)\Brackets\command;C:\Program Files\Git\cmd;C:\Users\mills\AppData\Local\Microsoft\WindowsApps;C:\Users\mills\AppData\Local\Microsoft\WindowsApps;C:\FFmpeg\bin;C:\Users\mills\AppData\Roaming\npm;C:\Program Files\Git\bin;C:\Users\mills\AppData\Local\atom\bin;C:\Users\mills\AppData\Local\Programs\Python\Python36-32;C:\Users\mills\AppData\Local\Programs\Python\Python36-32\Scripts;C:\Users\mills\AppData\Local\Yarn\bin;;C:\WINDOWS\System32;
USERNAME=mills
OS=Windows_NT
PROCESSOR_IDENTIFIER=Intel64 Family 6 Model 158 Stepping 9, GenuineIntel



---------------  S Y S T E M  ---------------

OS: Windows 10.0 , 64 bit Build 17134 (10.0.17134.1)

CPU:total 8 (initial active 8) (4 cores per cpu, 2 threads per core) family 6 model 158 stepping 9, cmov, cx8, fxsr, mmx, sse, sse2, sse3, ssse3, sse4.1, sse4.2, popcnt, avx, avx2, aes, clmul, erms, rtm, 3dnowpref, lzcnt, ht, tsc, tscinvbit, bmi1, bmi2, adx

Memory: 4k page, physical 8346656k(286128k free), swap 33512480k(4084k free)

vm_info: Java HotSpot(TM) 64-Bit Server VM (25.191-b12) for windows-amd64 JRE (1.8.0_191-b12), built on Oct  6 2018 09:29:03 by "java_re" with MS VC++ 10.0 (VS2010)

time: Tue Dec 04 17:23:05 2018
elapsed time: 11 seconds (0d 0h 0m 11s)

